mode: set
github.com/bootcamp-go/desafio-cierre-testing/internal/products/handler.go:11.37,15.2 1 1
github.com/bootcamp-go/desafio-cierre-testing/internal/products/handler.go:17.49,19.20 2 1
github.com/bootcamp-go/desafio-cierre-testing/internal/products/handler.go:23.2,24.16 2 1
github.com/bootcamp-go/desafio-cierre-testing/internal/products/handler.go:28.2,28.25 1 1
github.com/bootcamp-go/desafio-cierre-testing/internal/products/handler.go:19.20,22.3 2 0
github.com/bootcamp-go/desafio-cierre-testing/internal/products/handler.go:24.16,27.3 2 1
github.com/bootcamp-go/desafio-cierre-testing/internal/products/repository.go:9.33,11.2 1 0
github.com/bootcamp-go/desafio-cierre-testing/internal/products/repository.go:13.73,22.2 3 0
github.com/bootcamp-go/desafio-cierre-testing/internal/products/service.go:13.42,17.2 1 0
github.com/bootcamp-go/desafio-cierre-testing/internal/products/service.go:19.70,21.16 2 0
github.com/bootcamp-go/desafio-cierre-testing/internal/products/service.go:25.2,25.18 1 0
github.com/bootcamp-go/desafio-cierre-testing/internal/products/service.go:21.16,24.3 2 0
github.com/bootcamp-go/desafio-cierre-testing/internal/products/service_mock.go:13.74,15.26 1 1
github.com/bootcamp-go/desafio-cierre-testing/internal/products/service_mock.go:19.9,23.28 4 1
github.com/bootcamp-go/desafio-cierre-testing/internal/products/service_mock.go:30.2,30.14 1 1
github.com/bootcamp-go/desafio-cierre-testing/internal/products/service_mock.go:34.2,36.15 1 1
github.com/bootcamp-go/desafio-cierre-testing/internal/products/service_mock.go:15.26,17.3 1 1
github.com/bootcamp-go/desafio-cierre-testing/internal/products/service_mock.go:23.28,24.41 1 1
github.com/bootcamp-go/desafio-cierre-testing/internal/products/service_mock.go:24.41,27.4 2 1
github.com/bootcamp-go/desafio-cierre-testing/internal/products/service_mock.go:30.14,32.3 1 0
